<?xml version="1.0" encoding="UTF-8"?>
<coverage generated="1605018419213" clover="3.2.0">
  <project timestamp="1605018419213" name="All files">
    <metrics statements="99" coveredstatements="80" conditionals="35" coveredconditionals="22" methods="45" coveredmethods="33" elements="179" coveredelements="135" complexity="0" loc="99" ncloc="99" packages="13" files="14" classes="14"/>
    <package name="components">
      <metrics statements="1" coveredstatements="1" conditionals="0" coveredconditionals="0" methods="0" coveredmethods="0"/>
      <file name="constants.js" path="D:\react-training\movies\src\components\constants.js">
        <metrics statements="1" coveredstatements="1" conditionals="0" coveredconditionals="0" methods="0" coveredmethods="0"/>
        <line num="1" count="2" type="stmt"/>
      </file>
    </package>
    <package name="components.addMovie">
      <metrics statements="17" coveredstatements="12" conditionals="20" coveredconditionals="10" methods="8" coveredmethods="6"/>
      <file name="AddMovie.js" path="D:\react-training\movies\src\components\addMovie\AddMovie.js">
        <metrics statements="17" coveredstatements="12" conditionals="20" coveredconditionals="10" methods="8" coveredmethods="6"/>
        <line num="13" count="1" type="stmt"/>
        <line num="14" count="1" type="stmt"/>
        <line num="15" count="1" type="stmt"/>
        <line num="17" count="1" type="stmt"/>
        <line num="18" count="0" type="stmt"/>
        <line num="21" count="1" type="stmt"/>
        <line num="28" count="0" type="stmt"/>
        <line num="29" count="0" type="stmt"/>
        <line num="30" count="0" type="stmt"/>
        <line num="31" count="0" type="stmt"/>
        <line num="52" count="1" type="stmt"/>
        <line num="53" count="1" type="stmt"/>
        <line num="59" count="1" type="stmt"/>
        <line num="94" count="1" type="stmt"/>
        <line num="121" count="1" type="stmt"/>
        <line num="143" count="1" type="stmt"/>
        <line num="186" count="1" type="stmt"/>
      </file>
    </package>
    <package name="components.closeButton">
      <metrics statements="3" coveredstatements="3" conditionals="0" coveredconditionals="0" methods="1" coveredmethods="1"/>
      <file name="CloseButton.js" path="D:\react-training\movies\src\components\closeButton\CloseButton.js">
        <metrics statements="3" coveredstatements="3" conditionals="0" coveredconditionals="0" methods="1" coveredmethods="1"/>
        <line num="5" count="3" type="stmt"/>
        <line num="6" count="3" type="stmt"/>
        <line num="15" count="2" type="stmt"/>
      </file>
    </package>
    <package name="components.common">
      <metrics statements="2" coveredstatements="2" conditionals="0" coveredconditionals="0" methods="1" coveredmethods="1"/>
      <file name="Logo.js" path="D:\react-training\movies\src\components\common\Logo.js">
        <metrics statements="2" coveredstatements="2" conditionals="0" coveredconditionals="0" methods="1" coveredmethods="1"/>
        <line num="4" count="2" type="stmt"/>
        <line num="5" count="2" type="stmt"/>
      </file>
    </package>
    <package name="components.common.button">
      <metrics statements="4" coveredstatements="4" conditionals="0" coveredconditionals="0" methods="2" coveredmethods="2"/>
      <file name="Button.js" path="D:\react-training\movies\src\components\common\button\Button.js">
        <metrics statements="4" coveredstatements="4" conditionals="0" coveredconditionals="0" methods="2" coveredmethods="2"/>
        <line num="7" count="1" type="stmt"/>
        <line num="9" count="1" type="stmt"/>
        <line num="16" count="1" type="stmt"/>
        <line num="23" count="1" type="stmt"/>
      </file>
    </package>
    <package name="components.common.datepicker">
      <metrics statements="6" coveredstatements="5" conditionals="3" coveredconditionals="2" methods="2" coveredmethods="1"/>
      <file name="DatePicker.js" path="D:\react-training\movies\src\components\common\datepicker\DatePicker.js">
        <metrics statements="6" coveredstatements="5" conditionals="3" coveredconditionals="2" methods="2" coveredmethods="1"/>
        <line num="7" count="2" type="stmt"/>
        <line num="8" count="2" type="stmt"/>
        <line num="9" count="2" type="stmt"/>
        <line num="10" count="2" type="stmt"/>
        <line num="17" count="0" type="stmt"/>
        <line num="24" count="2" type="stmt"/>
      </file>
    </package>
    <package name="components.common.multiSelectInput">
      <metrics statements="14" coveredstatements="11" conditionals="3" coveredconditionals="3" methods="8" coveredmethods="4"/>
      <file name="MultiSelectInput.js" path="D:\react-training\movies\src\components\common\multiSelectInput\MultiSelectInput.js">
        <metrics statements="14" coveredstatements="11" conditionals="3" coveredconditionals="3" methods="8" coveredmethods="4"/>
        <line num="6" count="2" type="stmt"/>
        <line num="7" count="2" type="cond" truecount="3" falsecount="0"/>
        <line num="8" count="2" type="stmt"/>
        <line num="10" count="10" type="stmt"/>
        <line num="11" count="2" type="stmt"/>
        <line num="12" count="2" type="stmt"/>
        <line num="14" count="2" type="stmt"/>
        <line num="15" count="0" type="stmt"/>
        <line num="16" count="0" type="stmt"/>
        <line num="19" count="2" type="stmt"/>
        <line num="20" count="0" type="stmt"/>
        <line num="23" count="2" type="stmt"/>
        <line num="40" count="2" type="stmt"/>
        <line num="51" count="2" type="stmt"/>
      </file>
    </package>
    <package name="components.footer">
      <metrics statements="1" coveredstatements="1" conditionals="0" coveredconditionals="0" methods="1" coveredmethods="1"/>
      <file name="Footer.js" path="D:\react-training\movies\src\components\footer\Footer.js">
        <metrics statements="1" coveredstatements="1" conditionals="0" coveredconditionals="0" methods="1" coveredmethods="1"/>
        <line num="5" count="1" type="stmt"/>
      </file>
    </package>
    <package name="components.movieActionPopup">
      <metrics statements="3" coveredstatements="3" conditionals="0" coveredconditionals="0" methods="1" coveredmethods="1"/>
      <file name="MovieActionPopup.js" path="D:\react-training\movies\src\components\movieActionPopup\MovieActionPopup.js">
        <metrics statements="3" coveredstatements="3" conditionals="0" coveredconditionals="0" methods="1" coveredmethods="1"/>
        <line num="9" count="1" type="stmt"/>
        <line num="10" count="1" type="stmt"/>
        <line num="27" count="1" type="stmt"/>
      </file>
    </package>
    <package name="components.noMovie">
      <metrics statements="1" coveredstatements="1" conditionals="0" coveredconditionals="0" methods="1" coveredmethods="1"/>
      <file name="NoMovie.js" path="D:\react-training\movies\src\components\noMovie\NoMovie.js">
        <metrics statements="1" coveredstatements="1" conditionals="0" coveredconditionals="0" methods="1" coveredmethods="1"/>
        <line num="4" count="2" type="stmt"/>
      </file>
    </package>
    <package name="components.resultCount">
      <metrics statements="3" coveredstatements="3" conditionals="0" coveredconditionals="0" methods="1" coveredmethods="1"/>
      <file name="ResultCount.js" path="D:\react-training\movies\src\components\resultCount\ResultCount.js">
        <metrics statements="3" coveredstatements="3" conditionals="0" coveredconditionals="0" methods="1" coveredmethods="1"/>
        <line num="5" count="1" type="stmt"/>
        <line num="6" count="1" type="stmt"/>
        <line num="14" count="1" type="stmt"/>
      </file>
    </package>
    <package name="store.actions">
      <metrics statements="35" coveredstatements="26" conditionals="2" coveredconditionals="1" methods="18" coveredmethods="13"/>
      <file name="actionTypes.js" path="D:\react-training\movies\src\store\actions\actionTypes.js">
        <metrics statements="6" coveredstatements="6" conditionals="0" coveredconditionals="0" methods="0" coveredmethods="0"/>
        <line num="1" count="3" type="stmt"/>
        <line num="2" count="3" type="stmt"/>
        <line num="3" count="3" type="stmt"/>
        <line num="4" count="3" type="stmt"/>
        <line num="5" count="3" type="stmt"/>
        <line num="6" count="3" type="stmt"/>
      </file>
      <file name="actions.js" path="D:\react-training\movies\src\store\actions\actions.js">
        <metrics statements="29" coveredstatements="20" conditionals="2" coveredconditionals="1" methods="18" coveredmethods="13"/>
        <line num="4" count="2" type="stmt"/>
        <line num="5" count="4" type="stmt"/>
        <line num="10" count="2" type="stmt"/>
        <line num="11" count="2" type="stmt"/>
        <line num="17" count="2" type="stmt"/>
        <line num="18" count="2" type="stmt"/>
        <line num="24" count="2" type="stmt"/>
        <line num="25" count="2" type="stmt"/>
        <line num="26" count="2" type="stmt"/>
        <line num="28" count="2" type="stmt"/>
        <line num="39" count="1" type="stmt"/>
        <line num="42" count="1" type="stmt"/>
        <line num="47" count="2" type="stmt"/>
        <line num="48" count="0" type="stmt"/>
        <line num="49" count="0" type="stmt"/>
        <line num="50" count="0" type="stmt"/>
        <line num="52" count="0" type="stmt"/>
        <line num="56" count="2" type="stmt"/>
        <line num="61" count="2" type="stmt"/>
        <line num="62" count="1" type="stmt"/>
        <line num="66" count="0" type="stmt"/>
        <line num="72" count="2" type="stmt"/>
        <line num="73" count="0" type="stmt"/>
        <line num="79" count="0" type="stmt"/>
        <line num="82" count="2" type="stmt"/>
        <line num="83" count="0" type="stmt"/>
        <line num="89" count="0" type="stmt"/>
        <line num="92" count="2" type="stmt"/>
        <line num="93" count="1" type="stmt"/>
      </file>
    </package>
    <package name="store.reducers">
      <metrics statements="9" coveredstatements="8" conditionals="7" coveredconditionals="6" methods="1" coveredmethods="1"/>
      <file name="reducers.js" path="D:\react-training\movies\src\store\reducers\reducers.js">
        <metrics statements="9" coveredstatements="8" conditionals="7" coveredconditionals="6" methods="1" coveredmethods="1"/>
        <line num="9" count="1" type="stmt"/>
        <line num="18" count="1" type="cond" truecount="1" falsecount="0"/>
        <line num="19" count="6" type="cond" truecount="5" falsecount="1"/>
        <line num="21" count="1" type="stmt"/>
        <line num="26" count="0" type="stmt"/>
        <line num="35" count="1" type="stmt"/>
        <line num="43" count="1" type="stmt"/>
        <line num="48" count="1" type="stmt"/>
        <line num="53" count="2" type="stmt"/>
      </file>
    </package>
  </project>
</coverage>
