{"D:\\react-training\\movies\\src\\components\\constants.js": {"path":"D:\\react-training\\movies\\src\\components\\constants.js","statementMap":{"0":{"start":{"line":1,"column":0},"end":{"line":160,"column":2}}},"fnMap":{},"branchMap":{},"s":{"0":2},"f":{},"b":{},"_coverageSchema":"1a1c01bbd47fc00a2c39e90264f33305004495a9","hash":"cccc8ef522ec83e92d56f39060502e1116624096"}
,"D:\\react-training\\movies\\src\\components\\addMovie\\AddMovie.js": {"path":"D:\\react-training\\movies\\src\\components\\addMovie\\AddMovie.js","statementMap":{"0":{"start":{"line":13,"column":17},"end":{"line":184,"column":1}},"1":{"start":{"line":14,"column":46},"end":{"line":14,"column":61}},"2":{"start":{"line":15,"column":19},"end":{"line":15,"column":32}},"3":{"start":{"line":17,"column":2},"end":{"line":19,"column":9}},"4":{"start":{"line":18,"column":4},"end":{"line":18,"column":25}},"5":{"start":{"line":21,"column":2},"end":{"line":183,"column":4}},"6":{"start":{"line":28,"column":29},"end":{"line":28,"column":35}},"7":{"start":{"line":29,"column":10},"end":{"line":29,"column":51}},"8":{"start":{"line":30,"column":10},"end":{"line":30,"column":41}},"9":{"start":{"line":31,"column":10},"end":{"line":31,"column":45}},"10":{"start":{"line":52,"column":14},"end":{"line":52,"column":19}},"11":{"start":{"line":53,"column":10},"end":{"line":173,"column":12}},"12":{"start":{"line":59,"column":20},"end":{"line":68,"column":25}},"13":{"start":{"line":94,"column":20},"end":{"line":103,"column":25}},"14":{"start":{"line":121,"column":20},"end":{"line":130,"column":25}},"15":{"start":{"line":143,"column":20},"end":{"line":152,"column":25}},"16":{"start":{"line":186,"column":0},"end":{"line":212,"column":2}}},"fnMap":{"0":{"name":"(anonymous_0)","decl":{"start":{"line":13,"column":17},"end":{"line":13,"column":18}},"loc":{"start":{"line":13,"column":38},"end":{"line":184,"column":1}},"line":13},"1":{"name":"(anonymous_1)","decl":{"start":{"line":17,"column":18},"end":{"line":17,"column":19}},"loc":{"start":{"line":17,"column":24},"end":{"line":19,"column":3}},"line":17},"2":{"name":"(anonymous_2)","decl":{"start":{"line":27,"column":18},"end":{"line":27,"column":19}},"loc":{"start":{"line":27,"column":30},"end":{"line":32,"column":9}},"line":27},"3":{"name":"(anonymous_3)","decl":{"start":{"line":47,"column":9},"end":{"line":47,"column":10}},"loc":{"start":{"line":47,"column":18},"end":{"line":174,"column":9}},"line":47},"4":{"name":"(anonymous_4)","decl":{"start":{"line":58,"column":19},"end":{"line":58,"column":20}},"loc":{"start":{"line":59,"column":20},"end":{"line":68,"column":25}},"line":59},"5":{"name":"(anonymous_5)","decl":{"start":{"line":93,"column":19},"end":{"line":93,"column":20}},"loc":{"start":{"line":94,"column":20},"end":{"line":103,"column":25}},"line":94},"6":{"name":"(anonymous_6)","decl":{"start":{"line":120,"column":19},"end":{"line":120,"column":20}},"loc":{"start":{"line":121,"column":20},"end":{"line":130,"column":25}},"line":121},"7":{"name":"(anonymous_7)","decl":{"start":{"line":142,"column":19},"end":{"line":142,"column":20}},"loc":{"start":{"line":143,"column":20},"end":{"line":152,"column":25}},"line":143}},"branchMap":{"0":{"loc":{"start":{"line":65,"column":24},"end":{"line":67,"column":35}},"type":"cond-expr","locations":[{"start":{"line":66,"column":28},"end":{"line":66,"column":41}},{"start":{"line":67,"column":28},"end":{"line":67,"column":35}}],"line":65},"1":{"loc":{"start":{"line":71,"column":17},"end":{"line":73,"column":17}},"type":"binary-expr","locations":[{"start":{"line":71,"column":17},"end":{"line":71,"column":29}},{"start":{"line":72,"column":18},"end":{"line":72,"column":70}}],"line":71},"2":{"loc":{"start":{"line":81,"column":20},"end":{"line":83,"column":39}},"type":"cond-expr","locations":[{"start":{"line":82,"column":24},"end":{"line":82,"column":45}},{"start":{"line":83,"column":24},"end":{"line":83,"column":39}}],"line":81},"3":{"loc":{"start":{"line":85,"column":17},"end":{"line":87,"column":17}},"type":"binary-expr","locations":[{"start":{"line":85,"column":17},"end":{"line":85,"column":36}},{"start":{"line":86,"column":18},"end":{"line":86,"column":77}}],"line":85},"4":{"loc":{"start":{"line":100,"column":24},"end":{"line":102,"column":35}},"type":"cond-expr","locations":[{"start":{"line":101,"column":28},"end":{"line":101,"column":41}},{"start":{"line":102,"column":28},"end":{"line":102,"column":35}}],"line":100},"5":{"loc":{"start":{"line":106,"column":17},"end":{"line":108,"column":17}},"type":"binary-expr","locations":[{"start":{"line":106,"column":17},"end":{"line":106,"column":35}},{"start":{"line":107,"column":18},"end":{"line":107,"column":76}}],"line":106},"6":{"loc":{"start":{"line":127,"column":24},"end":{"line":129,"column":35}},"type":"cond-expr","locations":[{"start":{"line":128,"column":28},"end":{"line":128,"column":41}},{"start":{"line":129,"column":28},"end":{"line":129,"column":35}}],"line":127},"7":{"loc":{"start":{"line":133,"column":17},"end":{"line":135,"column":17}},"type":"binary-expr","locations":[{"start":{"line":133,"column":17},"end":{"line":133,"column":32}},{"start":{"line":134,"column":18},"end":{"line":134,"column":73}}],"line":133},"8":{"loc":{"start":{"line":149,"column":24},"end":{"line":151,"column":35}},"type":"cond-expr","locations":[{"start":{"line":150,"column":28},"end":{"line":150,"column":41}},{"start":{"line":151,"column":28},"end":{"line":151,"column":35}}],"line":149},"9":{"loc":{"start":{"line":155,"column":17},"end":{"line":157,"column":17}},"type":"binary-expr","locations":[{"start":{"line":155,"column":17},"end":{"line":155,"column":31}},{"start":{"line":156,"column":18},"end":{"line":156,"column":72}}],"line":155}},"s":{"0":1,"1":1,"2":1,"3":1,"4":0,"5":1,"6":0,"7":0,"8":0,"9":0,"10":1,"11":1,"12":1,"13":1,"14":1,"15":1,"16":1},"f":{"0":1,"1":0,"2":0,"3":1,"4":1,"5":1,"6":1,"7":1},"b":{"0":[0,1],"1":[1,0],"2":[0,1],"3":[1,0],"4":[0,1],"5":[1,0],"6":[0,1],"7":[1,0],"8":[0,1],"9":[1,0]},"_coverageSchema":"1a1c01bbd47fc00a2c39e90264f33305004495a9","hash":"2356167694f2c19793a5fecefefbae4dbed543e9"}
,"D:\\react-training\\movies\\src\\components\\closeButton\\CloseButton.js": {"path":"D:\\react-training\\movies\\src\\components\\closeButton\\CloseButton.js","statementMap":{"0":{"start":{"line":5,"column":26},"end":{"line":5,"column":31}},"1":{"start":{"line":6,"column":2},"end":{"line":13,"column":4}},"2":{"start":{"line":15,"column":0},"end":{"line":17,"column":2}}},"fnMap":{"0":{"name":"CloseButton","decl":{"start":{"line":4,"column":24},"end":{"line":4,"column":35}},"loc":{"start":{"line":4,"column":43},"end":{"line":14,"column":1}},"line":4}},"branchMap":{},"s":{"0":3,"1":3,"2":2},"f":{"0":3},"b":{},"_coverageSchema":"1a1c01bbd47fc00a2c39e90264f33305004495a9","hash":"a370ecf67f2b4c610502ac784525945c14d0f553"}
,"D:\\react-training\\movies\\src\\components\\common\\Logo.js": {"path":"D:\\react-training\\movies\\src\\components\\common\\Logo.js","statementMap":{"0":{"start":{"line":4,"column":13},"end":{"line":9,"column":1}},"1":{"start":{"line":5,"column":2},"end":{"line":8,"column":12}}},"fnMap":{"0":{"name":"(anonymous_0)","decl":{"start":{"line":4,"column":13},"end":{"line":4,"column":14}},"loc":{"start":{"line":5,"column":2},"end":{"line":8,"column":12}},"line":5}},"branchMap":{},"s":{"0":2,"1":2},"f":{"0":2},"b":{},"_coverageSchema":"1a1c01bbd47fc00a2c39e90264f33305004495a9","hash":"1e62ed14e0310eec5a97f0fa6b9052422a896bfc"}
,"D:\\react-training\\movies\\src\\components\\common\\button\\Button.js": {"path":"D:\\react-training\\movies\\src\\components\\common\\button\\Button.js","statementMap":{"0":{"start":{"line":7,"column":6},"end":{"line":7,"column":11}},"1":{"start":{"line":9,"column":2},"end":{"line":13,"column":4}},"2":{"start":{"line":16,"column":0},"end":{"line":21,"column":2}},"3":{"start":{"line":23,"column":0},"end":{"line":26,"column":2}}},"fnMap":{"0":{"name":"Button","decl":{"start":{"line":4,"column":24},"end":{"line":4,"column":30}},"loc":{"start":{"line":4,"column":38},"end":{"line":14,"column":1}},"line":4},"1":{"name":"(anonymous_1)","decl":{"start":{"line":24,"column":15},"end":{"line":24,"column":16}},"loc":{"start":{"line":24,"column":19},"end":{"line":24,"column":21}},"line":24}},"branchMap":{},"s":{"0":1,"1":1,"2":1,"3":1},"f":{"0":1,"1":1},"b":{},"_coverageSchema":"1a1c01bbd47fc00a2c39e90264f33305004495a9","hash":"d91dd780a9df6a0bcf0d50407c8e816752c20712"}
,"D:\\react-training\\movies\\src\\components\\common\\datepicker\\DatePicker.js": {"path":"D:\\react-training\\movies\\src\\components\\common\\datepicker\\DatePicker.js","statementMap":{"0":{"start":{"line":7,"column":31},"end":{"line":22,"column":1}},"1":{"start":{"line":8,"column":28},"end":{"line":8,"column":46}},"2":{"start":{"line":9,"column":18},"end":{"line":9,"column":33}},"3":{"start":{"line":10,"column":2},"end":{"line":21,"column":4}},"4":{"start":{"line":17,"column":8},"end":{"line":17,"column":39}},"5":{"start":{"line":24,"column":0},"end":{"line":26,"column":2}}},"fnMap":{"0":{"name":"(anonymous_0)","decl":{"start":{"line":7,"column":31},"end":{"line":7,"column":32}},"loc":{"start":{"line":7,"column":49},"end":{"line":22,"column":1}},"line":7},"1":{"name":"(anonymous_1)","decl":{"start":{"line":16,"column":16},"end":{"line":16,"column":17}},"loc":{"start":{"line":16,"column":23},"end":{"line":18,"column":7}},"line":16}},"branchMap":{"0":{"loc":{"start":{"line":15,"column":16},"end":{"line":15,"column":62}},"type":"binary-expr","locations":[{"start":{"line":15,"column":17},"end":{"line":15,"column":28}},{"start":{"line":15,"column":32},"end":{"line":15,"column":53}},{"start":{"line":15,"column":58},"end":{"line":15,"column":62}}],"line":15}},"s":{"0":2,"1":2,"2":2,"3":2,"4":0,"5":2},"f":{"0":2,"1":0},"b":{"0":[2,0,2]},"_coverageSchema":"1a1c01bbd47fc00a2c39e90264f33305004495a9","hash":"f15f0f8a98c7cb88e35e48fc43db2dba93360d59"}
,"D:\\react-training\\movies\\src\\components\\common\\multiSelectInput\\MultiSelectInput.js": {"path":"D:\\react-training\\movies\\src\\components\\common\\multiSelectInput\\MultiSelectInput.js","statementMap":{"0":{"start":{"line":6,"column":37},"end":{"line":6,"column":42}},"1":{"start":{"line":7,"column":29},"end":{"line":7,"column":76}},"2":{"start":{"line":8,"column":30},"end":{"line":8,"column":102}},"3":{"start":{"line":8,"column":71},"end":{"line":8,"column":100}},"4":{"start":{"line":10,"column":21},"end":{"line":10,"column":113}},"5":{"start":{"line":10,"column":34},"end":{"line":10,"column":101}},"6":{"start":{"line":10,"column":64},"end":{"line":10,"column":99}},"7":{"start":{"line":11,"column":34},"end":{"line":11,"column":63}},"8":{"start":{"line":12,"column":29},"end":{"line":12,"column":41}},"9":{"start":{"line":14,"column":19},"end":{"line":17,"column":8}},"10":{"start":{"line":15,"column":4},"end":{"line":15,"column":34}},"11":{"start":{"line":16,"column":4},"end":{"line":16,"column":36}},"12":{"start":{"line":19,"column":25},"end":{"line":21,"column":3}},"13":{"start":{"line":20,"column":4},"end":{"line":20,"column":65}},"14":{"start":{"line":20,"column":41},"end":{"line":20,"column":51}},"15":{"start":{"line":23,"column":2},"end":{"line":37,"column":4}},"16":{"start":{"line":40,"column":0},"end":{"line":49,"column":2}},"17":{"start":{"line":51,"column":0},"end":{"line":55,"column":2}}},"fnMap":{"0":{"name":"MultiSelectInput","decl":{"start":{"line":5,"column":24},"end":{"line":5,"column":40}},"loc":{"start":{"line":5,"column":48},"end":{"line":38,"column":1}},"line":5},"1":{"name":"(anonymous_1)","decl":{"start":{"line":8,"column":53},"end":{"line":8,"column":54}},"loc":{"start":{"line":8,"column":71},"end":{"line":8,"column":100}},"line":8},"2":{"name":"(anonymous_2)","decl":{"start":{"line":10,"column":29},"end":{"line":10,"column":30}},"loc":{"start":{"line":10,"column":34},"end":{"line":10,"column":101}},"line":10},"3":{"name":"(anonymous_3)","decl":{"start":{"line":10,"column":46},"end":{"line":10,"column":47}},"loc":{"start":{"line":10,"column":64},"end":{"line":10,"column":99}},"line":10},"4":{"name":"(anonymous_4)","decl":{"start":{"line":14,"column":31},"end":{"line":14,"column":32}},"loc":{"start":{"line":14,"column":53},"end":{"line":17,"column":3}},"line":14},"5":{"name":"(anonymous_5)","decl":{"start":{"line":19,"column":25},"end":{"line":19,"column":26}},"loc":{"start":{"line":19,"column":47},"end":{"line":21,"column":3}},"line":19},"6":{"name":"(anonymous_6)","decl":{"start":{"line":20,"column":35},"end":{"line":20,"column":36}},"loc":{"start":{"line":20,"column":41},"end":{"line":20,"column":51}},"line":20},"7":{"name":"(anonymous_7)","decl":{"start":{"line":53,"column":11},"end":{"line":53,"column":12}},"loc":{"start":{"line":53,"column":15},"end":{"line":53,"column":17}},"line":53}},"branchMap":{"0":{"loc":{"start":{"line":7,"column":29},"end":{"line":7,"column":76}},"type":"binary-expr","locations":[{"start":{"line":7,"column":29},"end":{"line":7,"column":42}},{"start":{"line":7,"column":46},"end":{"line":7,"column":70}},{"start":{"line":7,"column":74},"end":{"line":7,"column":76}}],"line":7}},"s":{"0":2,"1":2,"2":2,"3":0,"4":2,"5":2,"6":10,"7":2,"8":2,"9":2,"10":0,"11":0,"12":2,"13":0,"14":0,"15":2,"16":2,"17":2},"f":{"0":2,"1":0,"2":2,"3":10,"4":0,"5":0,"6":0,"7":1},"b":{"0":[2,2,2]},"_coverageSchema":"1a1c01bbd47fc00a2c39e90264f33305004495a9","hash":"12538936b28de7dc1d3e99f52fecd127e855ddfb"}
,"D:\\react-training\\movies\\src\\components\\footer\\Footer.js": {"path":"D:\\react-training\\movies\\src\\components\\footer\\Footer.js","statementMap":{"0":{"start":{"line":5,"column":2},"end":{"line":9,"column":3}}},"fnMap":{"0":{"name":"Footer","decl":{"start":{"line":4,"column":24},"end":{"line":4,"column":30}},"loc":{"start":{"line":4,"column":33},"end":{"line":10,"column":1}},"line":4}},"branchMap":{},"s":{"0":1},"f":{"0":1},"b":{},"_coverageSchema":"1a1c01bbd47fc00a2c39e90264f33305004495a9","hash":"c4def69f2cba93d816c0819927a4b678cd8b0a31"}
,"D:\\react-training\\movies\\src\\components\\movieActionPopup\\MovieActionPopup.js": {"path":"D:\\react-training\\movies\\src\\components\\movieActionPopup\\MovieActionPopup.js","statementMap":{"0":{"start":{"line":9,"column":6},"end":{"line":9,"column":11}},"1":{"start":{"line":10,"column":2},"end":{"line":24,"column":4}},"2":{"start":{"line":27,"column":0},"end":{"line":32,"column":2}}},"fnMap":{"0":{"name":"MovieActionPopup","decl":{"start":{"line":6,"column":24},"end":{"line":6,"column":40}},"loc":{"start":{"line":6,"column":48},"end":{"line":25,"column":1}},"line":6}},"branchMap":{},"s":{"0":1,"1":1,"2":1},"f":{"0":1},"b":{},"_coverageSchema":"1a1c01bbd47fc00a2c39e90264f33305004495a9","hash":"9b34390d7b1e4c6b17e6ac581a37c4e961f6f466"}
,"D:\\react-training\\movies\\src\\components\\noMovie\\NoMovie.js": {"path":"D:\\react-training\\movies\\src\\components\\noMovie\\NoMovie.js","statementMap":{"0":{"start":{"line":4,"column":2},"end":{"line":8,"column":3}}},"fnMap":{"0":{"name":"NoMovie","decl":{"start":{"line":3,"column":24},"end":{"line":3,"column":31}},"loc":{"start":{"line":3,"column":34},"end":{"line":9,"column":1}},"line":3}},"branchMap":{},"s":{"0":2},"f":{"0":2},"b":{},"_coverageSchema":"1a1c01bbd47fc00a2c39e90264f33305004495a9","hash":"b5deb0acc2690dcd0930e6fef00e6b10cc1d9284"}
,"D:\\react-training\\movies\\src\\components\\resultCount\\ResultCount.js": {"path":"D:\\react-training\\movies\\src\\components\\resultCount\\ResultCount.js","statementMap":{"0":{"start":{"line":5,"column":20},"end":{"line":5,"column":25}},"1":{"start":{"line":6,"column":2},"end":{"line":11,"column":4}},"2":{"start":{"line":14,"column":0},"end":{"line":16,"column":2}}},"fnMap":{"0":{"name":"ResultCount","decl":{"start":{"line":4,"column":24},"end":{"line":4,"column":35}},"loc":{"start":{"line":4,"column":43},"end":{"line":12,"column":1}},"line":4}},"branchMap":{},"s":{"0":1,"1":1,"2":1},"f":{"0":1},"b":{},"_coverageSchema":"1a1c01bbd47fc00a2c39e90264f33305004495a9","hash":"041897683e8d5d8e1cf5860b54686118e5d7184b"}
,"D:\\react-training\\movies\\src\\store\\actions\\actionTypes.js": {"path":"D:\\react-training\\movies\\src\\store\\actions\\actionTypes.js","statementMap":{"0":{"start":{"line":1,"column":41},"end":{"line":1,"column":60}},"1":{"start":{"line":2,"column":41},"end":{"line":2,"column":68}},"2":{"start":{"line":3,"column":41},"end":{"line":3,"column":68}},"3":{"start":{"line":4,"column":34},"end":{"line":4,"column":54}},"4":{"start":{"line":5,"column":28},"end":{"line":5,"column":42}},"5":{"start":{"line":6,"column":34},"end":{"line":6,"column":54}}},"fnMap":{},"branchMap":{},"s":{"0":3,"1":3,"2":3,"3":3,"4":3,"5":3},"f":{},"b":{},"_coverageSchema":"1a1c01bbd47fc00a2c39e90264f33305004495a9","hash":"f430a042ad1cde7c87519633f5d0d2f006c34a81"}
,"D:\\react-training\\movies\\src\\store\\actions\\actions.js": {"path":"D:\\react-training\\movies\\src\\store\\actions\\actions.js","statementMap":{"0":{"start":{"line":4,"column":34},"end":{"line":8,"column":1}},"1":{"start":{"line":5,"column":2},"end":{"line":7,"column":3}},"2":{"start":{"line":10,"column":34},"end":{"line":15,"column":1}},"3":{"start":{"line":11,"column":2},"end":{"line":14,"column":3}},"4":{"start":{"line":17,"column":34},"end":{"line":22,"column":1}},"5":{"start":{"line":18,"column":2},"end":{"line":21,"column":3}},"6":{"start":{"line":24,"column":27},"end":{"line":45,"column":1}},"7":{"start":{"line":25,"column":2},"end":{"line":44,"column":3}},"8":{"start":{"line":26,"column":4},"end":{"line":26,"column":35}},"9":{"start":{"line":28,"column":4},"end":{"line":43,"column":8}},"10":{"start":{"line":39,"column":8},"end":{"line":39,"column":52}},"11":{"start":{"line":42,"column":8},"end":{"line":42,"column":51}},"12":{"start":{"line":47,"column":27},"end":{"line":54,"column":1}},"13":{"start":{"line":47,"column":47},"end":{"line":54,"column":1}},"14":{"start":{"line":48,"column":2},"end":{"line":53,"column":3}},"15":{"start":{"line":49,"column":4},"end":{"line":49,"column":61}},"16":{"start":{"line":50,"column":4},"end":{"line":50,"column":46}},"17":{"start":{"line":52,"column":4},"end":{"line":52,"column":20}},"18":{"start":{"line":56,"column":33},"end":{"line":59,"column":2}},"19":{"start":{"line":56,"column":44},"end":{"line":59,"column":1}},"20":{"start":{"line":61,"column":28},"end":{"line":68,"column":1}},"21":{"start":{"line":61,"column":36},"end":{"line":68,"column":1}},"22":{"start":{"line":62,"column":2},"end":{"line":67,"column":5}},"23":{"start":{"line":66,"column":4},"end":{"line":66,"column":47}},"24":{"start":{"line":72,"column":27},"end":{"line":80,"column":1}},"25":{"start":{"line":72,"column":57},"end":{"line":80,"column":1}},"26":{"start":{"line":73,"column":2},"end":{"line":78,"column":5}},"27":{"start":{"line":79,"column":2},"end":{"line":79,"column":48}},"28":{"start":{"line":82,"column":24},"end":{"line":90,"column":1}},"29":{"start":{"line":82,"column":34},"end":{"line":90,"column":1}},"30":{"start":{"line":83,"column":2},"end":{"line":88,"column":5}},"31":{"start":{"line":89,"column":2},"end":{"line":89,"column":36}},"32":{"start":{"line":92,"column":30},"end":{"line":97,"column":1}},"33":{"start":{"line":93,"column":2},"end":{"line":96,"column":3}}},"fnMap":{"0":{"name":"(anonymous_0)","decl":{"start":{"line":4,"column":34},"end":{"line":4,"column":35}},"loc":{"start":{"line":4,"column":40},"end":{"line":8,"column":1}},"line":4},"1":{"name":"(anonymous_1)","decl":{"start":{"line":10,"column":34},"end":{"line":10,"column":35}},"loc":{"start":{"line":10,"column":44},"end":{"line":15,"column":1}},"line":10},"2":{"name":"(anonymous_2)","decl":{"start":{"line":17,"column":34},"end":{"line":17,"column":35}},"loc":{"start":{"line":17,"column":43},"end":{"line":22,"column":1}},"line":17},"3":{"name":"(anonymous_3)","decl":{"start":{"line":24,"column":27},"end":{"line":24,"column":28}},"loc":{"start":{"line":24,"column":54},"end":{"line":45,"column":1}},"line":24},"4":{"name":"(anonymous_4)","decl":{"start":{"line":25,"column":9},"end":{"line":25,"column":10}},"loc":{"start":{"line":25,"column":29},"end":{"line":44,"column":3}},"line":25},"5":{"name":"(anonymous_5)","decl":{"start":{"line":38,"column":12},"end":{"line":38,"column":13}},"loc":{"start":{"line":38,"column":24},"end":{"line":40,"column":7}},"line":38},"6":{"name":"(anonymous_6)","decl":{"start":{"line":41,"column":13},"end":{"line":41,"column":14}},"loc":{"start":{"line":41,"column":22},"end":{"line":43,"column":7}},"line":41},"7":{"name":"(anonymous_7)","decl":{"start":{"line":47,"column":27},"end":{"line":47,"column":28}},"loc":{"start":{"line":47,"column":47},"end":{"line":54,"column":1}},"line":47},"8":{"name":"(anonymous_8)","decl":{"start":{"line":47,"column":47},"end":{"line":47,"column":48}},"loc":{"start":{"line":47,"column":65},"end":{"line":54,"column":1}},"line":47},"9":{"name":"(anonymous_9)","decl":{"start":{"line":56,"column":33},"end":{"line":56,"column":34}},"loc":{"start":{"line":56,"column":44},"end":{"line":59,"column":1}},"line":56},"10":{"name":"(anonymous_10)","decl":{"start":{"line":61,"column":28},"end":{"line":61,"column":29}},"loc":{"start":{"line":61,"column":36},"end":{"line":68,"column":1}},"line":61},"11":{"name":"(anonymous_11)","decl":{"start":{"line":61,"column":36},"end":{"line":61,"column":37}},"loc":{"start":{"line":61,"column":54},"end":{"line":68,"column":1}},"line":61},"12":{"name":"(anonymous_12)","decl":{"start":{"line":65,"column":10},"end":{"line":65,"column":11}},"loc":{"start":{"line":65,"column":22},"end":{"line":67,"column":3}},"line":65},"13":{"name":"(anonymous_13)","decl":{"start":{"line":72,"column":27},"end":{"line":72,"column":28}},"loc":{"start":{"line":72,"column":57},"end":{"line":80,"column":1}},"line":72},"14":{"name":"(anonymous_14)","decl":{"start":{"line":72,"column":57},"end":{"line":72,"column":58}},"loc":{"start":{"line":72,"column":75},"end":{"line":80,"column":1}},"line":72},"15":{"name":"(anonymous_15)","decl":{"start":{"line":82,"column":24},"end":{"line":82,"column":25}},"loc":{"start":{"line":82,"column":34},"end":{"line":90,"column":1}},"line":82},"16":{"name":"(anonymous_16)","decl":{"start":{"line":82,"column":34},"end":{"line":82,"column":35}},"loc":{"start":{"line":82,"column":52},"end":{"line":90,"column":1}},"line":82},"17":{"name":"(anonymous_17)","decl":{"start":{"line":92,"column":30},"end":{"line":92,"column":31}},"loc":{"start":{"line":92,"column":40},"end":{"line":97,"column":1}},"line":92}},"branchMap":{"0":{"loc":{"start":{"line":32,"column":16},"end":{"line":32,"column":40}},"type":"binary-expr","locations":[{"start":{"line":32,"column":16},"end":{"line":32,"column":22}},{"start":{"line":32,"column":26},"end":{"line":32,"column":40}}],"line":32}},"s":{"0":2,"1":4,"2":2,"3":2,"4":2,"5":2,"6":2,"7":2,"8":2,"9":2,"10":1,"11":1,"12":2,"13":0,"14":0,"15":0,"16":0,"17":0,"18":2,"19":1,"20":2,"21":1,"22":1,"23":0,"24":2,"25":1,"26":0,"27":0,"28":2,"29":1,"30":0,"31":0,"32":2,"33":1},"f":{"0":4,"1":2,"2":2,"3":2,"4":2,"5":1,"6":1,"7":0,"8":0,"9":1,"10":1,"11":1,"12":0,"13":1,"14":0,"15":1,"16":0,"17":1},"b":{"0":[2,0]},"_coverageSchema":"1a1c01bbd47fc00a2c39e90264f33305004495a9","hash":"8290ef3717c0bca0fa347a2551afc0f8ed84d637"}
,"D:\\react-training\\movies\\src\\store\\reducers\\reducers.js": {"path":"D:\\react-training\\movies\\src\\store\\reducers\\reducers.js","statementMap":{"0":{"start":{"line":9,"column":21},"end":{"line":16,"column":1}},"1":{"start":{"line":18,"column":20},"end":{"line":55,"column":1}},"2":{"start":{"line":19,"column":2},"end":{"line":54,"column":3}},"3":{"start":{"line":21,"column":6},"end":{"line":24,"column":8}},"4":{"start":{"line":26,"column":6},"end":{"line":33,"column":8}},"5":{"start":{"line":35,"column":6},"end":{"line":40,"column":8}},"6":{"start":{"line":43,"column":6},"end":{"line":46,"column":8}},"7":{"start":{"line":48,"column":6},"end":{"line":51,"column":8}},"8":{"start":{"line":53,"column":6},"end":{"line":53,"column":19}}},"fnMap":{"0":{"name":"(anonymous_0)","decl":{"start":{"line":18,"column":20},"end":{"line":18,"column":21}},"loc":{"start":{"line":18,"column":54},"end":{"line":55,"column":1}},"line":18}},"branchMap":{"0":{"loc":{"start":{"line":18,"column":21},"end":{"line":18,"column":41}},"type":"default-arg","locations":[{"start":{"line":18,"column":29},"end":{"line":18,"column":41}}],"line":18},"1":{"loc":{"start":{"line":19,"column":2},"end":{"line":54,"column":3}},"type":"switch","locations":[{"start":{"line":20,"column":4},"end":{"line":24,"column":8}},{"start":{"line":25,"column":4},"end":{"line":33,"column":8}},{"start":{"line":34,"column":4},"end":{"line":40,"column":8}},{"start":{"line":42,"column":4},"end":{"line":46,"column":8}},{"start":{"line":47,"column":4},"end":{"line":51,"column":8}},{"start":{"line":52,"column":4},"end":{"line":53,"column":19}}],"line":19}},"s":{"0":1,"1":1,"2":6,"3":1,"4":0,"5":1,"6":1,"7":1,"8":2},"f":{"0":6},"b":{"0":[1],"1":[1,0,1,1,1,2]},"_coverageSchema":"1a1c01bbd47fc00a2c39e90264f33305004495a9","hash":"ddd818f218965abd8d7193b0f34176375012d429"}
}
