TN:
SF:src\components\constants.js
FNF:0
FNH:0
DA:1,2
LF:1
LH:1
BRF:0
BRH:0
end_of_record
TN:
SF:src\components\addMovie\AddMovie.js
FN:13,(anonymous_0)
FN:17,(anonymous_1)
FN:27,(anonymous_2)
FN:47,(anonymous_3)
FN:58,(anonymous_4)
FN:93,(anonymous_5)
FN:120,(anonymous_6)
FN:142,(anonymous_7)
FNF:8
FNH:6
FNDA:1,(anonymous_0)
FNDA:0,(anonymous_1)
FNDA:0,(anonymous_2)
FNDA:1,(anonymous_3)
FNDA:1,(anonymous_4)
FNDA:1,(anonymous_5)
FNDA:1,(anonymous_6)
FNDA:1,(anonymous_7)
DA:13,1
DA:14,1
DA:15,1
DA:17,1
DA:18,0
DA:21,1
DA:28,0
DA:29,0
DA:30,0
DA:31,0
DA:52,1
DA:53,1
DA:59,1
DA:94,1
DA:121,1
DA:143,1
DA:186,1
LF:17
LH:12
BRDA:65,0,0,0
BRDA:65,0,1,1
BRDA:71,1,0,1
BRDA:71,1,1,0
BRDA:81,2,0,0
BRDA:81,2,1,1
BRDA:85,3,0,1
BRDA:85,3,1,0
BRDA:100,4,0,0
BRDA:100,4,1,1
BRDA:106,5,0,1
BRDA:106,5,1,0
BRDA:127,6,0,0
BRDA:127,6,1,1
BRDA:133,7,0,1
BRDA:133,7,1,0
BRDA:149,8,0,0
BRDA:149,8,1,1
BRDA:155,9,0,1
BRDA:155,9,1,0
BRF:20
BRH:10
end_of_record
TN:
SF:src\components\closeButton\CloseButton.js
FN:4,CloseButton
FNF:1
FNH:1
FNDA:3,CloseButton
DA:5,3
DA:6,3
DA:15,2
LF:3
LH:3
BRF:0
BRH:0
end_of_record
TN:
SF:src\components\common\Logo.js
FN:4,(anonymous_0)
FNF:1
FNH:1
FNDA:2,(anonymous_0)
DA:4,2
DA:5,2
LF:2
LH:2
BRF:0
BRH:0
end_of_record
TN:
SF:src\components\common\button\Button.js
FN:4,Button
FN:24,(anonymous_1)
FNF:2
FNH:2
FNDA:1,Button
FNDA:1,(anonymous_1)
DA:7,1
DA:9,1
DA:16,1
DA:23,1
LF:4
LH:4
BRF:0
BRH:0
end_of_record
TN:
SF:src\components\common\datepicker\DatePicker.js
FN:7,(anonymous_0)
FN:16,(anonymous_1)
FNF:2
FNH:1
FNDA:2,(anonymous_0)
FNDA:0,(anonymous_1)
DA:7,2
DA:8,2
DA:9,2
DA:10,2
DA:17,0
DA:24,2
LF:6
LH:5
BRDA:15,0,0,2
BRDA:15,0,1,0
BRDA:15,0,2,2
BRF:3
BRH:2
end_of_record
TN:
SF:src\components\common\multiSelectInput\MultiSelectInput.js
FN:5,MultiSelectInput
FN:8,(anonymous_1)
FN:10,(anonymous_2)
FN:10,(anonymous_3)
FN:14,(anonymous_4)
FN:19,(anonymous_5)
FN:20,(anonymous_6)
FN:53,(anonymous_7)
FNF:8
FNH:4
FNDA:2,MultiSelectInput
FNDA:0,(anonymous_1)
FNDA:2,(anonymous_2)
FNDA:10,(anonymous_3)
FNDA:0,(anonymous_4)
FNDA:0,(anonymous_5)
FNDA:0,(anonymous_6)
FNDA:1,(anonymous_7)
DA:6,2
DA:7,2
DA:8,2
DA:10,10
DA:11,2
DA:12,2
DA:14,2
DA:15,0
DA:16,0
DA:19,2
DA:20,0
DA:23,2
DA:40,2
DA:51,2
LF:14
LH:11
BRDA:7,0,0,2
BRDA:7,0,1,2
BRDA:7,0,2,2
BRF:3
BRH:3
end_of_record
TN:
SF:src\components\footer\Footer.js
FN:4,Footer
FNF:1
FNH:1
FNDA:1,Footer
DA:5,1
LF:1
LH:1
BRF:0
BRH:0
end_of_record
TN:
SF:src\components\movieActionPopup\MovieActionPopup.js
FN:6,MovieActionPopup
FNF:1
FNH:1
FNDA:1,MovieActionPopup
DA:9,1
DA:10,1
DA:27,1
LF:3
LH:3
BRF:0
BRH:0
end_of_record
TN:
SF:src\components\noMovie\NoMovie.js
FN:3,NoMovie
FNF:1
FNH:1
FNDA:2,NoMovie
DA:4,2
LF:1
LH:1
BRF:0
BRH:0
end_of_record
TN:
SF:src\components\resultCount\ResultCount.js
FN:4,ResultCount
FNF:1
FNH:1
FNDA:1,ResultCount
DA:5,1
DA:6,1
DA:14,1
LF:3
LH:3
BRF:0
BRH:0
end_of_record
TN:
SF:src\store\actions\actionTypes.js
FNF:0
FNH:0
DA:1,3
DA:2,3
DA:3,3
DA:4,3
DA:5,3
DA:6,3
LF:6
LH:6
BRF:0
BRH:0
end_of_record
TN:
SF:src\store\actions\actions.js
FN:4,(anonymous_0)
FN:10,(anonymous_1)
FN:17,(anonymous_2)
FN:24,(anonymous_3)
FN:25,(anonymous_4)
FN:38,(anonymous_5)
FN:41,(anonymous_6)
FN:47,(anonymous_7)
FN:47,(anonymous_8)
FN:56,(anonymous_9)
FN:61,(anonymous_10)
FN:61,(anonymous_11)
FN:65,(anonymous_12)
FN:72,(anonymous_13)
FN:72,(anonymous_14)
FN:82,(anonymous_15)
FN:82,(anonymous_16)
FN:92,(anonymous_17)
FNF:18
FNH:13
FNDA:4,(anonymous_0)
FNDA:2,(anonymous_1)
FNDA:2,(anonymous_2)
FNDA:2,(anonymous_3)
FNDA:2,(anonymous_4)
FNDA:1,(anonymous_5)
FNDA:1,(anonymous_6)
FNDA:0,(anonymous_7)
FNDA:0,(anonymous_8)
FNDA:1,(anonymous_9)
FNDA:1,(anonymous_10)
FNDA:1,(anonymous_11)
FNDA:0,(anonymous_12)
FNDA:1,(anonymous_13)
FNDA:0,(anonymous_14)
FNDA:1,(anonymous_15)
FNDA:0,(anonymous_16)
FNDA:1,(anonymous_17)
DA:4,2
DA:5,4
DA:10,2
DA:11,2
DA:17,2
DA:18,2
DA:24,2
DA:25,2
DA:26,2
DA:28,2
DA:39,1
DA:42,1
DA:47,2
DA:48,0
DA:49,0
DA:50,0
DA:52,0
DA:56,2
DA:61,2
DA:62,1
DA:66,0
DA:72,2
DA:73,0
DA:79,0
DA:82,2
DA:83,0
DA:89,0
DA:92,2
DA:93,1
LF:29
LH:20
BRDA:32,0,0,2
BRDA:32,0,1,0
BRF:2
BRH:1
end_of_record
TN:
SF:src\store\reducers\reducers.js
FN:18,(anonymous_0)
FNF:1
FNH:1
FNDA:6,(anonymous_0)
DA:9,1
DA:18,1
DA:19,6
DA:21,1
DA:26,0
DA:35,1
DA:43,1
DA:48,1
DA:53,2
LF:9
LH:8
BRDA:18,0,0,1
BRDA:19,1,0,1
BRDA:19,1,1,0
BRDA:19,1,2,1
BRDA:19,1,3,1
BRDA:19,1,4,1
BRDA:19,1,5,2
BRF:7
BRH:6
end_of_record
